<?xml version="1.0" encoding="UTF-8"?>
<!-- Generated by org.testng.reporters.JUnitReportReporter -->
<testsuite skipped="0" hostname="DESKTOP-R04PGOT" name="HomePage" tests="1" failures="0" timestamp="15 Nov 2018 19:35:53 GMT" time="64.407" errors="0">
  <testcase name="basepageNavigation" time="64.407" classname="HomePage"/>
</testsuite> <!-- HomePage -->
